CRITICAL - 2022-05-09 04:10:35 --> The framework needs the following extension(s) installed and loaded: intl.
#0 C:\xampp-8.1.5\htdocs\codeigniter4\system\CodeIgniter.php(219): CodeIgniter\Exceptions\FrameworkException::forMissingExtension('intl')
#1 C:\xampp-8.1.5\htdocs\codeigniter4\system\CodeIgniter.php(177): CodeIgniter\CodeIgniter->resolvePlatformExtensions()
#2 C:\xampp-8.1.5\htdocs\codeigniter4\system\bootstrap.php(146): CodeIgniter\CodeIgniter->initialize()
#3 C:\xampp-8.1.5\htdocs\codeigniter4\public\index.php(28): require('C:\\xampp-8.1.5\\...')
#4 {main}
CRITICAL - 2022-05-09 04:40:55 --> The framework needs the following extension(s) installed and loaded: intl.
#0 C:\xampp-8.1.5\htdocs\codeigniter4\system\CodeIgniter.php(219): CodeIgniter\Exceptions\FrameworkException::forMissingExtension('intl')
#1 C:\xampp-8.1.5\htdocs\codeigniter4\system\CodeIgniter.php(177): CodeIgniter\CodeIgniter->resolvePlatformExtensions()
#2 C:\xampp-8.1.5\htdocs\codeigniter4\system\bootstrap.php(146): CodeIgniter\CodeIgniter->initialize()
#3 C:\xampp-8.1.5\htdocs\codeigniter4\public\index.php(28): require('C:\\xampp-8.1.5\\...')
#4 {main}
CRITICAL - 2022-05-09 04:42:25 --> The framework needs the following extension(s) installed and loaded: intl.
#0 C:\xampp-8.1.5\htdocs\codeigniter4\system\CodeIgniter.php(219): CodeIgniter\Exceptions\FrameworkException::forMissingExtension('intl')
#1 C:\xampp-8.1.5\htdocs\codeigniter4\system\CodeIgniter.php(177): CodeIgniter\CodeIgniter->resolvePlatformExtensions()
#2 C:\xampp-8.1.5\htdocs\codeigniter4\system\bootstrap.php(146): CodeIgniter\CodeIgniter->initialize()
#3 C:\xampp-8.1.5\htdocs\codeigniter4\public\index.php(28): require('C:\\xampp-8.1.5\\...')
#4 {main}
CRITICAL - 2022-05-09 04:51:01 --> The framework needs the following extension(s) installed and loaded: intl.
#0 C:\xampp-8.1.5\htdocs\codeigniter4\system\CodeIgniter.php(219): CodeIgniter\Exceptions\FrameworkException::forMissingExtension('intl')
#1 C:\xampp-8.1.5\htdocs\codeigniter4\system\CodeIgniter.php(177): CodeIgniter\CodeIgniter->resolvePlatformExtensions()
#2 C:\xampp-8.1.5\htdocs\codeigniter4\system\bootstrap.php(146): CodeIgniter\CodeIgniter->initialize()
#3 C:\xampp-8.1.5\htdocs\codeigniter4\public\index.php(28): require('C:\\xampp-8.1.5\\...')
#4 {main}
CRITICAL - 2022-05-09 05:21:56 --> The framework needs the following extension(s) installed and loaded: intl.
#0 C:\xampp-8.1.5\htdocs\codeigniter4\system\CodeIgniter.php(219): CodeIgniter\Exceptions\FrameworkException::forMissingExtension('intl')
#1 C:\xampp-8.1.5\htdocs\codeigniter4\system\CodeIgniter.php(177): CodeIgniter\CodeIgniter->resolvePlatformExtensions()
#2 C:\xampp-8.1.5\htdocs\codeigniter4\system\bootstrap.php(146): CodeIgniter\CodeIgniter->initialize()
#3 C:\xampp-8.1.5\htdocs\codeigniter4\public\index.php(28): require('C:\\xampp-8.1.5\\...')
#4 {main}
CRITICAL - 2022-05-09 05:22:16 --> The framework needs the following extension(s) installed and loaded: intl.
#0 C:\xampp-8.1.5\htdocs\codeigniter4\system\CodeIgniter.php(219): CodeIgniter\Exceptions\FrameworkException::forMissingExtension('intl')
#1 C:\xampp-8.1.5\htdocs\codeigniter4\system\CodeIgniter.php(177): CodeIgniter\CodeIgniter->resolvePlatformExtensions()
#2 C:\xampp-8.1.5\htdocs\codeigniter4\system\bootstrap.php(146): CodeIgniter\CodeIgniter->initialize()
#3 C:\xampp-8.1.5\htdocs\codeigniter4\public\index.php(28): require('C:\\xampp-8.1.5\\...')
#4 {main}
CRITICAL - 2022-05-09 05:22:17 --> The framework needs the following extension(s) installed and loaded: intl.
#0 C:\xampp-8.1.5\htdocs\codeigniter4\system\CodeIgniter.php(219): CodeIgniter\Exceptions\FrameworkException::forMissingExtension('intl')
#1 C:\xampp-8.1.5\htdocs\codeigniter4\system\CodeIgniter.php(177): CodeIgniter\CodeIgniter->resolvePlatformExtensions()
#2 C:\xampp-8.1.5\htdocs\codeigniter4\system\bootstrap.php(146): CodeIgniter\CodeIgniter->initialize()
#3 C:\xampp-8.1.5\htdocs\codeigniter4\public\index.php(28): require('C:\\xampp-8.1.5\\...')
#4 {main}
CRITICAL - 2022-05-09 05:22:21 --> The framework needs the following extension(s) installed and loaded: intl.
#0 C:\xampp-8.1.5\htdocs\codeigniter4\system\CodeIgniter.php(219): CodeIgniter\Exceptions\FrameworkException::forMissingExtension('intl')
#1 C:\xampp-8.1.5\htdocs\codeigniter4\system\CodeIgniter.php(177): CodeIgniter\CodeIgniter->resolvePlatformExtensions()
#2 C:\xampp-8.1.5\htdocs\codeigniter4\system\bootstrap.php(146): CodeIgniter\CodeIgniter->initialize()
#3 C:\xampp-8.1.5\htdocs\codeigniter4\public\index.php(28): require('C:\\xampp-8.1.5\\...')
#4 {main}
CRITICAL - 2022-05-09 05:22:21 --> The framework needs the following extension(s) installed and loaded: intl.
#0 C:\xampp-8.1.5\htdocs\codeigniter4\system\CodeIgniter.php(219): CodeIgniter\Exceptions\FrameworkException::forMissingExtension('intl')
#1 C:\xampp-8.1.5\htdocs\codeigniter4\system\CodeIgniter.php(177): CodeIgniter\CodeIgniter->resolvePlatformExtensions()
#2 C:\xampp-8.1.5\htdocs\codeigniter4\system\bootstrap.php(146): CodeIgniter\CodeIgniter->initialize()
#3 C:\xampp-8.1.5\htdocs\codeigniter4\public\index.php(28): require('C:\\xampp-8.1.5\\...')
#4 {main}
CRITICAL - 2022-05-09 05:22:21 --> The framework needs the following extension(s) installed and loaded: intl.
#0 C:\xampp-8.1.5\htdocs\codeigniter4\system\CodeIgniter.php(219): CodeIgniter\Exceptions\FrameworkException::forMissingExtension('intl')
#1 C:\xampp-8.1.5\htdocs\codeigniter4\system\CodeIgniter.php(177): CodeIgniter\CodeIgniter->resolvePlatformExtensions()
#2 C:\xampp-8.1.5\htdocs\codeigniter4\system\bootstrap.php(146): CodeIgniter\CodeIgniter->initialize()
#3 C:\xampp-8.1.5\htdocs\codeigniter4\public\index.php(28): require('C:\\xampp-8.1.5\\...')
#4 {main}
CRITICAL - 2022-05-09 05:22:22 --> The framework needs the following extension(s) installed and loaded: intl.
#0 C:\xampp-8.1.5\htdocs\codeigniter4\system\CodeIgniter.php(219): CodeIgniter\Exceptions\FrameworkException::forMissingExtension('intl')
#1 C:\xampp-8.1.5\htdocs\codeigniter4\system\CodeIgniter.php(177): CodeIgniter\CodeIgniter->resolvePlatformExtensions()
#2 C:\xampp-8.1.5\htdocs\codeigniter4\system\bootstrap.php(146): CodeIgniter\CodeIgniter->initialize()
#3 C:\xampp-8.1.5\htdocs\codeigniter4\public\index.php(28): require('C:\\xampp-8.1.5\\...')
#4 {main}
CRITICAL - 2022-05-09 05:22:22 --> The framework needs the following extension(s) installed and loaded: intl.
#0 C:\xampp-8.1.5\htdocs\codeigniter4\system\CodeIgniter.php(219): CodeIgniter\Exceptions\FrameworkException::forMissingExtension('intl')
#1 C:\xampp-8.1.5\htdocs\codeigniter4\system\CodeIgniter.php(177): CodeIgniter\CodeIgniter->resolvePlatformExtensions()
#2 C:\xampp-8.1.5\htdocs\codeigniter4\system\bootstrap.php(146): CodeIgniter\CodeIgniter->initialize()
#3 C:\xampp-8.1.5\htdocs\codeigniter4\public\index.php(28): require('C:\\xampp-8.1.5\\...')
#4 {main}
CRITICAL - 2022-05-09 05:22:22 --> The framework needs the following extension(s) installed and loaded: intl.
#0 C:\xampp-8.1.5\htdocs\codeigniter4\system\CodeIgniter.php(219): CodeIgniter\Exceptions\FrameworkException::forMissingExtension('intl')
#1 C:\xampp-8.1.5\htdocs\codeigniter4\system\CodeIgniter.php(177): CodeIgniter\CodeIgniter->resolvePlatformExtensions()
#2 C:\xampp-8.1.5\htdocs\codeigniter4\system\bootstrap.php(146): CodeIgniter\CodeIgniter->initialize()
#3 C:\xampp-8.1.5\htdocs\codeigniter4\public\index.php(28): require('C:\\xampp-8.1.5\\...')
#4 {main}
CRITICAL - 2022-05-09 05:22:58 --> The framework needs the following extension(s) installed and loaded: intl.
#0 C:\xampp-8.1.5\htdocs\codeigniter4\system\CodeIgniter.php(219): CodeIgniter\Exceptions\FrameworkException::forMissingExtension('intl')
#1 C:\xampp-8.1.5\htdocs\codeigniter4\system\CodeIgniter.php(177): CodeIgniter\CodeIgniter->resolvePlatformExtensions()
#2 C:\xampp-8.1.5\htdocs\codeigniter4\system\bootstrap.php(146): CodeIgniter\CodeIgniter->initialize()
#3 C:\xampp-8.1.5\htdocs\codeigniter4\public\index.php(28): require('C:\\xampp-8.1.5\\...')
#4 {main}
CRITICAL - 2022-05-09 05:23:00 --> The framework needs the following extension(s) installed and loaded: intl.
#0 C:\xampp-8.1.5\htdocs\codeigniter4\system\CodeIgniter.php(219): CodeIgniter\Exceptions\FrameworkException::forMissingExtension('intl')
#1 C:\xampp-8.1.5\htdocs\codeigniter4\system\CodeIgniter.php(177): CodeIgniter\CodeIgniter->resolvePlatformExtensions()
#2 C:\xampp-8.1.5\htdocs\codeigniter4\system\bootstrap.php(146): CodeIgniter\CodeIgniter->initialize()
#3 C:\xampp-8.1.5\htdocs\codeigniter4\public\index.php(28): require('C:\\xampp-8.1.5\\...')
#4 {main}
CRITICAL - 2022-05-09 05:23:18 --> The framework needs the following extension(s) installed and loaded: intl.
#0 C:\xampp-8.1.5\htdocs\codeigniter4\system\CodeIgniter.php(219): CodeIgniter\Exceptions\FrameworkException::forMissingExtension('intl')
#1 C:\xampp-8.1.5\htdocs\codeigniter4\system\CodeIgniter.php(177): CodeIgniter\CodeIgniter->resolvePlatformExtensions()
#2 C:\xampp-8.1.5\htdocs\codeigniter4\system\bootstrap.php(146): CodeIgniter\CodeIgniter->initialize()
#3 C:\xampp-8.1.5\htdocs\codeigniter4\public\index.php(28): require('C:\\xampp-8.1.5\\...')
#4 {main}
